<?xml version="1.0" encoding="UTF-8"?>
<testsuite xmlns:xsi="http://www.w3.org/2001/XMLSchema-instance" xsi:noNamespaceSchemaLocation="https://maven.apache.org/surefire/maven-surefire-plugin/xsd/surefire-test-report.xsd" version="3.0.2" name="io.github.sirmathhman.tuff.AppTest" time="0.069" tests="5" errors="0" skipped="0" failures="0">
  <properties>
[...]
</properties>
  <testcase name="shouldRunWith100" classname="io.github.sirmathhman.tuff.AppTest" time="0.032"/>
  <testcase name="shouldRunWith100U8" classname="io.github.sirmathhman.tuff.AppTest" time="0.001"/>
  <testcase name="shouldRunWithAnInt" classname="io.github.sirmathhman.tuff.AppTest" time="0.002"/>
  <testcase name="shouldRunTheSimplestProgramPossible" classname="io.github.sirmathhman.tuff.AppTest" time="0.001"/>
  <testcase name="shouldRejectNegativeUnsignedLiteral" classname="io.github.sirmathhman.tuff.AppTest" time="0.003"/>
</testsuite>