TN:
SF:index.js
FNF:18
FNH:18
DA:1,17
DA:2,55
DA:5,28
DA:6,103
DA:7,4
DA:8,61
DA:10,14
DA:12,25
DA:14,12
DA:15,54
DA:16,63
DA:17,4
DA:18,45
DA:21,19
DA:22,54
DA:23,35
DA:24,42
DA:25,28
DA:26,61
DA:27,28
DA:28,6
DA:29,4
DA:30,4
DA:31,45
DA:34,19
DA:35,79
DA:37,80
DA:38,43
DA:39,0
DA:40,1
DA:43,18
DA:44,7
DA:45,24
DA:46,44
DA:47,7
DA:48,33
DA:49,14
DA:50,34
DA:51,57
DA:52,8
DA:53,14
DA:54,25
DA:55,15
DA:56,14
DA:57,33
DA:58,51
DA:59,8
DA:60,14
DA:61,47
DA:63,4
DA:64,13
DA:67,8
DA:69,33
DA:70,10
DA:71,36
DA:72,53
DA:73,4
DA:74,10
DA:75,17
DA:78,8
DA:80,29
DA:81,30
DA:83,7
DA:84,24
DA:85,23
DA:86,23
DA:87,24
DA:88,24
DA:89,24
DA:90,22
DA:91,7
DA:92,31
DA:93,32
DA:94,24
DA:95,30
DA:96,30
DA:97,30
DA:98,31
DA:99,31
DA:100,31
DA:101,31
DA:102,31
DA:103,31
DA:104,15
DA:105,38
DA:107,25
DA:108,4
DA:110,43
DA:113,8
DA:115,39
DA:116,23
DA:118,58
DA:119,12
DA:120,42
DA:121,31
DA:122,18
DA:123,4
DA:125,35
DA:128,8
DA:130,32
DA:131,22
DA:133,58
DA:134,12
DA:135,35
DA:136,31
DA:137,17
DA:138,4
DA:140,32
DA:143,8
DA:145,29
DA:147,7
DA:148,24
DA:149,44
DA:150,7
DA:151,31
DA:152,32
DA:153,24
DA:154,22
DA:155,15
DA:156,26
DA:158,4
DA:160,14
DA:163,8
DA:165,31
DA:167,7
DA:168,24
DA:169,44
DA:170,7
DA:171,31
DA:172,34
DA:173,24
DA:174,22
DA:175,15
DA:176,26
DA:178,4
DA:180,14
DA:183,8
DA:185,30
DA:187,25
DA:188,12
DA:189,33
DA:190,55
DA:191,6
DA:192,12
DA:193,34
DA:194,4
DA:196,25
DA:200,24
DA:201,27
DA:202,42
DA:203,27
DA:204,30
DA:206,29
DA:208,14
DA:209,23
DA:210,61
DA:211,34
DA:212,51
DA:213,10
DA:214,16
DA:215,45
DA:216,16
DA:217,36
DA:218,25
DA:219,47
DA:220,0
DA:221,8
DA:222,8
DA:223,57
DA:224,8
DA:225,14
DA:226,31
DA:227,15
DA:229,14
DA:230,28
DA:231,27
DA:232,61
DA:233,39
DA:234,25
DA:235,8
DA:236,57
DA:237,8
DA:238,14
DA:239,25
DA:240,38
DA:242,4
DA:245,28
DA:246,12
DA:247,8
DA:248,4
DA:249,29
DA:250,12
DA:251,8
DA:252,4
DA:255,26
DA:256,12
DA:257,43
DA:258,39
DA:259,40
DA:260,12
DA:261,39
DA:262,37
DA:263,44
DA:264,4
DA:267,25
DA:268,12
DA:269,21
DA:270,59
DA:271,32
DA:272,44
DA:273,6
DA:274,55
DA:275,6
DA:276,12
DA:277,31
DA:278,4
DA:281,32
DA:282,12
DA:283,60
DA:284,33
DA:285,4
DA:288,40
DA:289,12
DA:290,34
DA:291,16
DA:292,33
DA:294,41
DA:295,14
DA:296,24
DA:297,61
DA:298,35
DA:299,48
DA:300,8
DA:301,41
DA:302,14
DA:303,17
DA:304,17
DA:305,15
DA:306,20
DA:307,4
DA:308,8
DA:309,15
DA:310,32
DA:312,33
DA:313,4
DA:315,31
DA:316,12
DA:317,26
DA:318,1
DA:324,50
DA:325,25
DA:326,49
DA:327,20
DA:329,26
DA:330,45
DA:331,68
DA:332,4
DA:333,32
DA:334,23
DA:335,28
DA:336,31
DA:337,4
DA:338,21
DA:339,48
DA:340,4
DA:341,19
DA:342,18
DA:345,8
DA:347,32
DA:348,12
DA:349,31
DA:350,49
DA:351,6
DA:352,12
DA:353,37
DA:354,12
DA:355,24
DA:356,59
DA:357,38
DA:358,61
DA:359,8
DA:360,31
DA:361,14
DA:362,44
DA:363,6
DA:364,37
DA:365,12
DA:366,38
DA:367,12
DA:368,28
DA:370,16
DA:371,19
DA:372,50
DA:373,1
DA:374,8
DA:375,20
DA:376,23
DA:377,26
DA:378,51
DA:379,19
DA:380,18
DA:381,16
DA:382,12
DA:383,8
DA:384,56
DA:385,12
DA:386,6
DA:387,8
DA:388,4
DA:391,33
DA:392,12
DA:393,44
DA:394,30
DA:395,31
DA:396,49
DA:397,6
DA:398,12
DA:399,37
DA:400,12
DA:401,34
DA:402,67
DA:403,56
DA:404,12
DA:405,6
DA:406,12
DA:407,4
DA:410,73
DA:411,31
DA:412,12
DA:413,12
DA:414,34
DA:415,26
DA:416,56
DA:417,12
DA:418,6
DA:419,12
DA:420,4
DA:423,74
DA:424,31
DA:425,12
DA:426,12
DA:427,34
DA:428,47
DA:429,56
DA:430,12
DA:431,6
DA:432,12
DA:433,3
DA:436,10
DA:437,74
DA:438,18
DA:439,25
DA:440,71
DA:441,39
DA:442,41
DA:443,50
DA:446,33
DA:447,31
DA:448,12
DA:449,12
DA:450,32
DA:451,55
DA:452,6
DA:453,12
DA:454,29
DA:455,37
DA:456,6
DA:457,12
DA:458,34
DA:459,33
DA:460,32
DA:461,24
DA:462,31
DA:463,15
DA:465,56
DA:467,56
DA:468,12
DA:469,6
DA:470,12
DA:471,4
DA:474,33
DA:475,12
DA:476,37
DA:477,12
DA:478,34
DA:479,55
DA:480,6
DA:481,12
DA:482,38
DA:483,12
DA:484,34
DA:485,38
DA:486,12
DA:487,32
DA:488,55
DA:489,6
DA:490,12
DA:492,31
DA:493,54
DA:494,21
DA:495,19
DA:496,8
DA:497,21
DA:498,41
DA:499,27
DA:500,27
DA:501,28
DA:502,38
DA:503,23
DA:504,6
DA:506,17
DA:507,4
DA:510,35
DA:511,12
DA:512,28
DA:513,25
DA:514,21
DA:515,27
DA:516,21
DA:517,24
DA:518,45
DA:519,49
DA:520,28
DA:521,38
DA:522,25
DA:523,23
DA:524,6
DA:525,23
DA:526,17
DA:527,4
DA:530,32
DA:531,12
DA:532,43
DA:534,21
DA:535,26
DA:536,36
DA:537,23
DA:539,37
DA:541,33
DA:542,39
DA:543,27
DA:544,33
DA:545,72
DA:546,10
DA:547,12
DA:548,8
DA:551,76
DA:553,46
DA:554,14
DA:555,28
DA:556,25
DA:557,25
DA:558,45
DA:559,10
DA:560,17
DA:561,23
DA:562,23
DA:563,9
DA:565,14
DA:566,28
DA:567,38
DA:568,23
DA:569,7
DA:571,17
DA:572,4
DA:575,33
DA:576,52
DA:577,48
DA:578,15
DA:582,21
DA:583,21
DA:584,32
DA:585,33
DA:586,32
DA:587,2
DA:588,17
LF:476
LH:474
end_of_record
TN:
SF:index.test.js
FNF:63
FNH:63
DA:1,28
DA:3,32
DA:4,29
DA:5,3
DA:7,33
DA:8,30
DA:9,3
DA:11,33
DA:12,30
DA:13,3
DA:15,37
DA:16,34
DA:17,3
DA:19,41
DA:20,38
DA:21,3
DA:23,41
DA:24,38
DA:25,3
DA:27,41
DA:28,38
DA:29,3
DA:31,42
DA:32,39
DA:33,3
DA:35,37
DA:36,34
DA:37,3
DA:39,44
DA:40,41
DA:41,3
DA:43,46
DA:44,43
DA:45,3
DA:47,57
DA:48,54
DA:49,3
DA:51,60
DA:52,49
DA:53,3
DA:55,68
DA:56,65
DA:57,3
DA:59,55
DA:60,52
DA:61,3
DA:63,47
DA:64,44
DA:65,3
DA:67,48
DA:68,45
DA:69,3
DA:71,67
DA:72,64
DA:73,3
DA:75,67
DA:76,64
DA:77,3
DA:79,59
DA:80,56
DA:81,3
DA:83,59
DA:84,56
DA:85,3
DA:87,60
DA:88,57
DA:89,3
DA:91,60
DA:92,57
DA:93,3
DA:95,60
DA:96,57
DA:97,3
DA:99,60
DA:100,57
DA:101,3
DA:103,61
DA:104,58
DA:105,3
DA:107,80
DA:108,77
DA:109,3
DA:111,76
DA:112,73
DA:113,3
DA:115,77
DA:116,74
DA:117,3
DA:119,55
DA:120,52
DA:121,3
DA:123,65
DA:124,54
DA:125,3
DA:127,59
DA:128,56
DA:129,3
DA:131,59
DA:132,56
DA:133,3
DA:135,72
DA:136,40
DA:137,3
DA:139,43
DA:140,38
DA:141,3
DA:143,80
DA:144,77
DA:145,3
DA:147,78
DA:148,75
DA:149,3
DA:151,101
DA:152,7
DA:153,8
DA:154,71
DA:155,1
DA:156,11
DA:157,3
DA:159,69
DA:160,66
DA:161,3
DA:163,56
DA:164,53
DA:165,3
DA:167,70
DA:168,67
DA:169,3
DA:171,74
DA:172,71
DA:173,3
DA:175,78
DA:176,75
DA:177,3
DA:179,82
DA:180,79
DA:181,3
DA:183,63
DA:184,60
DA:185,3
DA:187,66
DA:188,59
DA:189,3
DA:191,64
DA:192,57
DA:193,3
DA:194,43
DA:195,40
DA:196,3
DA:198,41
DA:199,38
DA:200,3
DA:202,82
DA:203,79
DA:204,3
DA:205,60
DA:206,58
DA:207,3
DA:208,59
DA:209,56
DA:210,3
DA:212,43
DA:213,40
DA:214,3
DA:216,68
DA:217,36
DA:218,3
DA:220,56
DA:221,53
DA:222,3
DA:224,75
DA:225,72
DA:226,3
DA:228,76
DA:229,73
DA:230,3
DA:232,68
DA:233,64
DA:234,2
LF:179
LH:179
end_of_record
