TN:
SF:index.js
FNF:23
FNH:23
DA:1,17
DA:2,55
DA:5,28
DA:6,126
DA:7,4
DA:8,61
DA:10,14
DA:12,26
DA:14,52
DA:16,12
DA:17,54
DA:18,63
DA:19,4
DA:20,45
DA:23,19
DA:24,54
DA:25,35
DA:26,42
DA:27,28
DA:28,61
DA:29,28
DA:30,6
DA:31,4
DA:32,4
DA:33,45
DA:36,13
DA:37,7
DA:38,18
DA:39,29
DA:40,25
DA:41,28
DA:46,8
DA:47,22
DA:48,49
DA:49,30
DA:50,41
DA:51,38
DA:52,47
DA:53,6
DA:54,6
DA:55,30
DA:56,4
DA:58,15
DA:59,32
DA:60,22
DA:61,28
DA:62,2
DA:66,11
DA:67,33
DA:68,10
DA:69,20
DA:70,57
DA:71,31
DA:72,40
DA:73,4
DA:74,33
DA:75,10
DA:76,12
DA:79,19
DA:80,79
DA:82,34
DA:83,28
DA:84,46
DA:85,39
DA:86,38
DA:87,30
DA:88,5
DA:89,6
DA:90,6
DA:91,24
DA:93,31
DA:94,18
DA:95,21
DA:96,37
DA:97,33
DA:98,31
DA:99,19
DA:100,7
DA:101,18
DA:102,4
DA:104,80
DA:105,47
DA:106,4
DA:107,45
DA:110,18
DA:111,7
DA:112,24
DA:113,44
DA:114,7
DA:115,33
DA:116,14
DA:117,34
DA:118,57
DA:119,8
DA:120,14
DA:121,25
DA:122,15
DA:123,14
DA:124,33
DA:125,51
DA:126,8
DA:127,14
DA:129,58
DA:130,24
DA:131,8
DA:132,8
DA:133,49
DA:136,4
DA:137,29
DA:138,18
DA:139,25
DA:140,23
DA:141,20
DA:142,9
DA:143,40
DA:145,31
DA:146,32
DA:147,34
DA:149,28
DA:150,56
DA:151,48
DA:152,81
DA:153,10
DA:154,10
DA:155,34
DA:156,27
DA:157,8
DA:158,17
DA:159,17
DA:160,15
DA:161,20
DA:162,4
DA:163,10
DA:164,47
DA:165,4
DA:166,4
DA:167,13
DA:170,8
DA:172,33
DA:173,10
DA:174,36
DA:175,53
DA:176,4
DA:177,10
DA:178,17
DA:181,8
DA:183,29
DA:184,30
DA:186,7
DA:187,24
DA:188,23
DA:189,23
DA:190,24
DA:191,24
DA:192,24
DA:193,22
DA:194,7
DA:195,31
DA:196,32
DA:197,24
DA:198,30
DA:199,30
DA:200,30
DA:201,31
DA:202,31
DA:203,31
DA:204,31
DA:205,31
DA:206,31
DA:207,15
DA:208,38
DA:210,25
DA:211,4
DA:213,43
DA:216,8
DA:218,39
DA:219,23
DA:221,58
DA:222,12
DA:223,42
DA:224,31
DA:225,18
DA:226,4
DA:228,35
DA:231,8
DA:233,32
DA:234,22
DA:236,58
DA:237,12
DA:238,35
DA:239,31
DA:240,17
DA:241,4
DA:243,32
DA:246,8
DA:248,29
DA:250,7
DA:251,24
DA:252,44
DA:253,7
DA:254,31
DA:255,32
DA:256,24
DA:257,22
DA:258,15
DA:259,26
DA:261,4
DA:263,14
DA:266,8
DA:268,31
DA:270,7
DA:271,24
DA:272,44
DA:273,7
DA:274,31
DA:275,34
DA:276,24
DA:277,22
DA:278,15
DA:279,26
DA:281,4
DA:283,14
DA:286,8
DA:288,30
DA:290,25
DA:291,12
DA:292,33
DA:293,55
DA:294,6
DA:295,12
DA:296,34
DA:297,4
DA:299,25
DA:303,24
DA:304,27
DA:305,42
DA:306,27
DA:307,30
DA:309,29
DA:311,14
DA:312,23
DA:313,61
DA:314,34
DA:315,51
DA:316,10
DA:317,16
DA:318,45
DA:319,16
DA:320,36
DA:321,25
DA:322,60
DA:323,16
DA:324,8
DA:325,8
DA:326,57
DA:327,8
DA:328,14
DA:329,31
DA:330,15
DA:332,14
DA:333,28
DA:334,27
DA:335,61
DA:336,39
DA:337,25
DA:338,8
DA:339,57
DA:340,8
DA:341,14
DA:342,25
DA:343,38
DA:345,4
DA:348,28
DA:349,12
DA:350,8
DA:351,4
DA:352,29
DA:353,12
DA:354,8
DA:355,4
DA:358,26
DA:359,12
DA:360,43
DA:361,39
DA:362,40
DA:363,12
DA:364,39
DA:365,37
DA:366,44
DA:367,4
DA:370,25
DA:371,12
DA:372,21
DA:373,59
DA:374,32
DA:375,44
DA:376,6
DA:377,55
DA:378,6
DA:379,12
DA:380,31
DA:381,4
DA:384,56
DA:385,12
DA:386,20
DA:387,13
DA:388,21
DA:389,27
DA:390,33
DA:391,4
DA:394,28
DA:395,12
DA:396,42
DA:397,4
DA:400,40
DA:401,12
DA:402,34
DA:403,16
DA:404,33
DA:405,43
DA:406,17
DA:407,17
DA:408,15
DA:409,20
DA:410,4
DA:411,8
DA:412,15
DA:413,32
DA:415,33
DA:416,4
DA:418,31
DA:419,12
DA:420,26
DA:421,1
DA:427,50
DA:428,25
DA:429,49
DA:430,20
DA:432,26
DA:433,45
DA:434,68
DA:435,4
DA:436,32
DA:437,23
DA:438,28
DA:439,33
DA:441,40
DA:442,4
DA:444,61
DA:445,30
DA:446,23
DA:447,18
DA:448,4
DA:449,19
DA:450,18
DA:453,8
DA:455,32
DA:456,12
DA:457,31
DA:458,49
DA:459,6
DA:460,12
DA:461,37
DA:462,12
DA:463,24
DA:464,59
DA:465,38
DA:466,61
DA:467,8
DA:468,31
DA:469,14
DA:470,44
DA:471,6
DA:472,37
DA:473,12
DA:474,38
DA:475,12
DA:476,28
DA:478,33
DA:480,22
DA:481,38
DA:482,81
DA:483,17
DA:484,9
DA:485,23
DA:486,23
DA:487,20
DA:488,13
DA:489,20
DA:490,31
DA:491,20
DA:492,5
DA:493,10
DA:494,11
DA:495,14
DA:496,6
DA:497,15
DA:499,61
DA:500,4
DA:501,39
DA:502,52
DA:503,13
DA:505,78
DA:506,10
DA:507,39
DA:508,53
DA:509,13
DA:511,16
DA:512,11
DA:513,14
DA:514,12
DA:516,26
DA:517,51
DA:518,19
DA:519,18
DA:520,16
DA:521,12
DA:522,8
DA:523,56
DA:524,12
DA:525,6
DA:526,8
DA:527,4
DA:530,33
DA:531,12
DA:532,44
DA:533,30
DA:534,31
DA:535,49
DA:536,6
DA:537,12
DA:538,37
DA:539,12
DA:540,34
DA:541,67
DA:542,56
DA:543,12
DA:544,6
DA:545,12
DA:546,3
DA:548,15
DA:549,56
DA:550,12
DA:551,6
DA:552,15
DA:556,10
DA:557,55
DA:558,63
DA:559,54
DA:560,57
DA:561,33
DA:562,35
DA:566,18
DA:567,29
DA:568,12
DA:569,48
DA:570,49
DA:574,4
DA:575,26
DA:576,27
DA:577,27
DA:578,43
DA:579,53
DA:580,7
DA:581,12
DA:582,12
DA:583,31
DA:584,12
DA:585,46
DA:586,26
DA:587,30
DA:588,4
DA:592,29
DA:593,34
DA:594,12
DA:595,12
DA:596,35
DA:597,12
DA:598,50
DA:599,36
DA:600,35
DA:601,39
DA:603,15
DA:604,70
DA:605,33
DA:606,63
DA:607,32
DA:608,17
DA:611,15
DA:612,50
DA:614,30
DA:615,4
DA:618,73
DA:619,31
DA:620,12
DA:621,12
DA:622,34
DA:623,26
DA:624,30
DA:625,4
DA:628,74
DA:629,31
DA:630,12
DA:631,12
DA:632,34
DA:633,47
DA:634,30
DA:635,3
DA:638,10
DA:639,74
DA:640,18
DA:641,25
DA:642,71
DA:643,39
DA:644,41
DA:645,50
DA:648,33
DA:649,31
DA:650,12
DA:651,12
DA:652,32
DA:653,55
DA:654,6
DA:655,12
DA:656,29
DA:657,37
DA:658,6
DA:659,12
DA:660,34
DA:661,33
DA:662,32
DA:663,24
DA:664,31
DA:665,15
DA:667,56
DA:669,56
DA:670,12
DA:671,6
DA:672,12
DA:673,4
DA:676,33
DA:677,12
DA:678,37
DA:679,12
DA:680,34
DA:681,55
DA:682,6
DA:683,12
DA:684,38
DA:685,12
DA:686,34
DA:687,38
DA:688,12
DA:689,32
DA:690,55
DA:691,6
DA:692,12
DA:694,31
DA:695,54
DA:696,21
DA:697,19
DA:698,8
DA:699,21
DA:700,41
DA:701,27
DA:702,27
DA:703,28
DA:704,38
DA:705,23
DA:706,6
DA:708,17
DA:709,4
DA:712,35
DA:713,12
DA:714,28
DA:715,25
DA:716,21
DA:717,27
DA:718,21
DA:719,24
DA:720,45
DA:721,49
DA:722,28
DA:723,38
DA:724,25
DA:725,23
DA:726,6
DA:727,23
DA:728,17
DA:729,4
DA:732,32
DA:733,12
DA:734,43
DA:736,21
DA:737,26
DA:738,36
DA:739,23
DA:741,37
DA:743,33
DA:744,39
DA:745,27
DA:746,33
DA:747,72
DA:748,10
DA:749,12
DA:750,8
DA:753,76
DA:755,46
DA:756,14
DA:757,28
DA:758,25
DA:759,25
DA:760,45
DA:761,10
DA:762,17
DA:763,23
DA:764,23
DA:765,9
DA:767,14
DA:768,28
DA:769,38
DA:770,23
DA:771,7
DA:773,17
DA:774,4
DA:777,33
DA:778,52
DA:779,48
DA:780,15
DA:784,21
DA:785,21
DA:786,32
DA:787,33
DA:791,25
DA:792,4
DA:793,38
DA:794,27
DA:795,24
DA:796,7
DA:797,13
DA:798,37
DA:799,58
DA:800,16
DA:801,30
DA:802,8
DA:803,17
DA:805,30
DA:807,19
DA:808,25
DA:810,4
DA:812,32
DA:813,2
DA:814,17
LF:653
LH:653
end_of_record
TN:
SF:index.test.js
FNF:85
FNH:85
DA:1,28
DA:3,32
DA:4,29
DA:5,3
DA:7,33
DA:8,30
DA:9,3
DA:11,33
DA:12,30
DA:13,3
DA:15,37
DA:16,34
DA:17,3
DA:19,41
DA:20,38
DA:21,3
DA:23,41
DA:24,38
DA:25,3
DA:27,41
DA:28,38
DA:29,3
DA:31,42
DA:32,39
DA:33,3
DA:35,37
DA:36,34
DA:37,3
DA:39,44
DA:40,41
DA:41,3
DA:43,46
DA:44,43
DA:45,3
DA:47,57
DA:48,54
DA:49,3
DA:51,60
DA:52,49
DA:53,3
DA:55,68
DA:56,65
DA:57,3
DA:59,55
DA:60,52
DA:61,3
DA:63,47
DA:64,44
DA:65,3
DA:67,48
DA:68,45
DA:69,3
DA:71,67
DA:72,64
DA:73,3
DA:75,67
DA:76,64
DA:77,3
DA:79,59
DA:80,56
DA:81,3
DA:83,59
DA:84,56
DA:85,3
DA:87,60
DA:88,57
DA:89,3
DA:91,60
DA:92,57
DA:93,3
DA:95,60
DA:96,57
DA:97,3
DA:99,60
DA:100,57
DA:101,3
DA:103,61
DA:104,58
DA:105,3
DA:107,80
DA:108,77
DA:109,3
DA:111,76
DA:112,73
DA:113,3
DA:115,77
DA:116,74
DA:117,3
DA:119,55
DA:120,52
DA:121,3
DA:123,65
DA:124,54
DA:125,3
DA:127,59
DA:128,56
DA:129,3
DA:131,59
DA:132,56
DA:133,3
DA:135,72
DA:136,40
DA:137,3
DA:139,43
DA:140,38
DA:141,3
DA:143,80
DA:144,77
DA:145,3
DA:147,78
DA:148,75
DA:149,3
DA:151,101
DA:152,7
DA:153,8
DA:154,71
DA:155,1
DA:156,11
DA:157,3
DA:159,69
DA:160,66
DA:161,3
DA:163,56
DA:164,53
DA:165,3
DA:167,70
DA:168,67
DA:169,3
DA:171,74
DA:172,71
DA:173,3
DA:175,78
DA:176,75
DA:177,3
DA:179,82
DA:180,79
DA:181,3
DA:183,63
DA:184,60
DA:185,3
DA:187,66
DA:188,59
DA:189,3
DA:191,64
DA:192,57
DA:193,3
DA:194,43
DA:195,40
DA:196,3
DA:198,41
DA:199,38
DA:200,3
DA:202,82
DA:203,79
DA:204,3
DA:205,60
DA:206,58
DA:207,3
DA:208,59
DA:209,56
DA:210,3
DA:212,43
DA:213,40
DA:214,3
DA:216,68
DA:217,36
DA:218,3
DA:220,56
DA:221,53
DA:222,3
DA:224,75
DA:225,72
DA:226,3
DA:228,76
DA:229,73
DA:230,3
DA:232,68
DA:233,64
DA:234,3
DA:236,42
DA:237,39
DA:238,3
DA:240,67
DA:241,62
DA:242,3
DA:244,91
DA:245,60
DA:246,3
DA:248,53
DA:249,50
DA:250,3
DA:252,64
DA:253,61
DA:254,3
DA:256,63
DA:257,60
DA:258,3
DA:260,70
DA:261,67
DA:262,3
DA:264,81
DA:265,78
DA:266,3
DA:268,84
DA:269,76
DA:270,2
DA:271,3
DA:272,3
DA:274,104
DA:275,71
DA:276,3
DA:278,96
DA:279,7
DA:280,73
DA:281,13
DA:282,3
DA:284,59
DA:285,56
DA:286,3
DA:288,70
DA:289,67
DA:290,3
DA:292,75
DA:293,72
DA:294,3
DA:296,95
DA:297,7
DA:298,74
DA:299,11
DA:300,3
DA:302,84
DA:303,76
DA:304,2
DA:305,3
DA:306,3
DA:308,71
DA:309,68
DA:310,3
DA:312,77
DA:313,74
DA:314,3
DA:316,157
DA:317,7
DA:318,8
DA:319,127
DA:320,1
DA:321,11
DA:322,3
DA:324,98
DA:325,7
DA:326,8
DA:327,67
DA:328,1
DA:329,12
DA:330,2
LF:255
LH:255
end_of_record
